<?xml version="1.0" encoding="UTF-8"?>
<!-- Generated by org.testng.reporters.JUnitReportReporter -->
<testsuite ignored="0" hostname="DESKTOP-OPHQ3EL" failures="0" tests="1" name="packageBrowser.OpenBrowserWOExe" time="14.176" errors="0" timestamp="30 Dec 2019 04:27:54 GMT" skipped="0">
  <testcase classname="packageBrowser.OpenBrowserWOExe" name="openBrowser" time="14.176"/>
</testsuite> <!-- packageBrowser.OpenBrowserWOExe -->
